%!Adobe-FontList 1.14
%Locale:0x419

%BeginFont
Handler:DirectoryHandler
FontType:Invalid
OutlineFileName:D:\MarkUp\S-label\9 lesson\9 lesson - HOME\Font\fontello.eot
FileModTime:1454269656
%EndFont

%BeginFont
Handler:DirectoryHandler
FontType:Invalid
OutlineFileName:D:\MarkUp\S-label\9 lesson\9 lesson - HOME\Font\fontello.svg
FileModTime:1454269656
%EndFont

%BeginFont
Handler:DirectoryHandler
FontType:TrueType
FontName:fontello
FamilyName:fontello
StyleName:Regular
FullName:fontello
MenuName:fontello
StyleBits:0
WritingScript:Roman
OutlineFileName:D:\MarkUp\S-label\9 lesson\9 lesson - HOME\Font\fontello.ttf
DataFormat:sfntData
FileLength:5780
FileModTime:1454269656
WeightClass:400
WidthClass:5
AngleClass:0
%EndFont

%BeginFont
Handler:DirectoryHandler
FontType:Invalid
OutlineFileName:D:\MarkUp\S-label\9 lesson\9 lesson - HOME\Font\fontello.woff
FileModTime:1454269656
%EndFont

